This file contains any messages produced by compilers while
running configure, to aid debugging if configure makes a mistake.

It was created by GNU nano configure 2.2.6, which was
generated by GNU Autoconf 2.65.  Invocation command line was

  $ ./configure 

## --------- ##
## Platform. ##
## --------- ##

hostname = kano
uname -m = armv7l
uname -r = 3.18.11-ck1-v7
uname -s = Linux
uname -v = #1 SMP PREEMPT Thu Apr 23 16:48:09 UTC 2015

/usr/bin/uname -p = unknown
/bin/uname -X     = unknown

/bin/arch              = unknown
/usr/bin/arch -k       = unknown
/usr/convex/getsysinfo = unknown
/usr/bin/hostinfo      = unknown
/bin/machine           = unknown
/usr/bin/oslevel       = unknown
/bin/universe          = unknown

PATH: /usr/local/bin
PATH: /usr/bin
PATH: /bin
PATH: /usr/local/games
PATH: /usr/games
PATH: /usr/sbin
PATH: /opt/vc/bin/
PATH: /opt/vc/sbin/


## ----------- ##
## Core tests. ##
## ----------- ##

configure:2241: checking build system type
configure:2255: result: armv7l-unknown-linux-gnueabi
configure:2275: checking host system type
configure:2288: result: armv7l-unknown-linux-gnueabi
configure:2308: checking target system type
configure:2321: result: armv7l-unknown-linux-gnueabi
configure:2363: checking for a BSD-compatible install
configure:2431: result: /usr/bin/install -c
configure:2442: checking whether build environment is sane
configure:2492: result: yes
configure:2633: checking for a thread-safe mkdir -p
configure:2672: result: /bin/mkdir -p
configure:2685: checking for gawk
configure:2715: result: no
configure:2685: checking for mawk
configure:2701: found /usr/bin/mawk
configure:2712: result: mawk
configure:2723: checking whether make sets $(MAKE)
configure:2745: result: yes
configure:2843: checking for style of include used by make
configure:2871: result: GNU
configure:2941: checking for gcc
configure:2957: found /usr/bin/gcc
configure:2968: result: gcc
configure:3197: checking for C compiler version
configure:3206: gcc --version >&5
gcc (Debian 4.6.3-14+rpi1) 4.6.3
Copyright (C) 2011 Free Software Foundation, Inc.
This is free software; see the source for copying conditions.  There is NO
warranty; not even for MERCHANTABILITY or FITNESS FOR A PARTICULAR PURPOSE.

configure:3217: $? = 0
configure:3206: gcc -v >&5
Using built-in specs.
COLLECT_GCC=gcc
COLLECT_LTO_WRAPPER=/usr/lib/gcc/arm-linux-gnueabihf/4.6/lto-wrapper
Target: arm-linux-gnueabihf
Configured with: ../src/configure -v --with-pkgversion='Debian 4.6.3-14+rpi1' --with-bugurl=file:///usr/share/doc/gcc-4.6/README.Bugs --enable-languages=c,c++,fortran,objc,obj-c++ --prefix=/usr --program-suffix=-4.6 --enable-shared --enable-linker-build-id --with-system-zlib --libexecdir=/usr/lib --without-included-gettext --enable-threads=posix --with-gxx-include-dir=/usr/include/c++/4.6 --libdir=/usr/lib --enable-nls --with-sysroot=/ --enable-clocale=gnu --enable-libstdcxx-debug --enable-libstdcxx-time=yes --enable-gnu-unique-object --enable-plugin --enable-objc-gc --disable-sjlj-exceptions --with-arch=armv6 --with-fpu=vfp --with-float=hard --enable-checking=release --build=arm-linux-gnueabihf --host=arm-linux-gnueabihf --target=arm-linux-gnueabihf
Thread model: posix
gcc version 4.6.3 (Debian 4.6.3-14+rpi1) 
configure:3217: $? = 0
configure:3206: gcc -V >&5
gcc: error: unrecognized option '-V'
gcc: fatal error: no input files
compilation terminated.
configure:3217: $? = 4
configure:3206: gcc -qversion >&5
gcc: error: unrecognized option '-qversion'
gcc: fatal error: no input files
compilation terminated.
configure:3217: $? = 4
configure:3237: checking whether the C compiler works
configure:3259: gcc    conftest.c  >&5
configure:3263: $? = 0
configure:3312: result: yes
configure:3315: checking for C compiler default output file name
configure:3317: result: a.out
configure:3323: checking for suffix of executables
configure:3330: gcc -o conftest    conftest.c  >&5
configure:3334: $? = 0
configure:3356: result: 
configure:3378: checking whether we are cross compiling
configure:3386: gcc -o conftest    conftest.c  >&5
configure:3390: $? = 0
configure:3397: ./conftest
configure:3401: $? = 0
configure:3416: result: no
configure:3421: checking for suffix of object files
configure:3443: gcc -c   conftest.c >&5
configure:3447: $? = 0
configure:3468: result: o
configure:3472: checking whether we are using the GNU C compiler
configure:3491: gcc -c   conftest.c >&5
configure:3491: $? = 0
configure:3500: result: yes
configure:3509: checking whether gcc accepts -g
configure:3529: gcc -c -g  conftest.c >&5
configure:3529: $? = 0
configure:3570: result: yes
configure:3587: checking for gcc option to accept ISO C89
configure:3651: gcc  -c -g -O2  conftest.c >&5
configure:3651: $? = 0
configure:3664: result: none needed
configure:3686: checking dependency style of gcc
configure:3796: result: gcc3
configure:3817: checking how to run the C preprocessor
configure:3848: gcc -E  conftest.c
configure:3848: $? = 0
configure:3862: gcc -E  conftest.c
conftest.c:11:28: fatal error: ac_nonexistent.h: No such file or directory
compilation terminated.
configure:3862: $? = 1
configure: failed program was:
| /* confdefs.h */
| #define PACKAGE_NAME "GNU nano"
| #define PACKAGE_TARNAME "nano"
| #define PACKAGE_VERSION "2.2.6"
| #define PACKAGE_STRING "GNU nano 2.2.6"
| #define PACKAGE_BUGREPORT "nano-devel@gnu.org"
| #define PACKAGE_URL "http://www.gnu.org/software/nano/"
| #define PACKAGE "nano"
| #define VERSION "2.2.6"
| /* end confdefs.h.  */
| #include <ac_nonexistent.h>
configure:3887: result: gcc -E
configure:3907: gcc -E  conftest.c
configure:3907: $? = 0
configure:3921: gcc -E  conftest.c
conftest.c:11:28: fatal error: ac_nonexistent.h: No such file or directory
compilation terminated.
configure:3921: $? = 1
configure: failed program was:
| /* confdefs.h */
| #define PACKAGE_NAME "GNU nano"
| #define PACKAGE_TARNAME "nano"
| #define PACKAGE_VERSION "2.2.6"
| #define PACKAGE_STRING "GNU nano 2.2.6"
| #define PACKAGE_BUGREPORT "nano-devel@gnu.org"
| #define PACKAGE_URL "http://www.gnu.org/software/nano/"
| #define PACKAGE "nano"
| #define VERSION "2.2.6"
| /* end confdefs.h.  */
| #include <ac_nonexistent.h>
configure:3950: checking for grep that handles long lines and -e
configure:4008: result: /bin/grep
configure:4013: checking for egrep
configure:4075: result: /bin/grep -E
configure:4080: checking for ANSI C header files
configure:4100: gcc -c -g -O2  conftest.c >&5
configure:4100: $? = 0
configure:4173: gcc -o conftest -g -O2   conftest.c  >&5
configure:4173: $? = 0
configure:4173: ./conftest
configure:4173: $? = 0
configure:4184: result: yes
configure:4197: checking for sys/types.h
configure:4197: gcc -c -g -O2  conftest.c >&5
configure:4197: $? = 0
configure:4197: result: yes
configure:4197: checking for sys/stat.h
configure:4197: gcc -c -g -O2  conftest.c >&5
configure:4197: $? = 0
configure:4197: result: yes
configure:4197: checking for stdlib.h
configure:4197: gcc -c -g -O2  conftest.c >&5
configure:4197: $? = 0
configure:4197: result: yes
configure:4197: checking for string.h
configure:4197: gcc -c -g -O2  conftest.c >&5
configure:4197: $? = 0
configure:4197: result: yes
configure:4197: checking for memory.h
configure:4197: gcc -c -g -O2  conftest.c >&5
configure:4197: $? = 0
configure:4197: result: yes
configure:4197: checking for strings.h
configure:4197: gcc -c -g -O2  conftest.c >&5
configure:4197: $? = 0
configure:4197: result: yes
configure:4197: checking for inttypes.h
configure:4197: gcc -c -g -O2  conftest.c >&5
configure:4197: $? = 0
configure:4197: result: yes
configure:4197: checking for stdint.h
configure:4197: gcc -c -g -O2  conftest.c >&5
configure:4197: $? = 0
configure:4197: result: yes
configure:4197: checking for unistd.h
configure:4197: gcc -c -g -O2  conftest.c >&5
configure:4197: $? = 0
configure:4197: result: yes
configure:4211: checking minix/config.h usability
configure:4211: gcc -c -g -O2  conftest.c >&5
conftest.c:54:26: fatal error: minix/config.h: No such file or directory
compilation terminated.
configure:4211: $? = 1
configure: failed program was:
| /* confdefs.h */
| #define PACKAGE_NAME "GNU nano"
| #define PACKAGE_TARNAME "nano"
| #define PACKAGE_VERSION "2.2.6"
| #define PACKAGE_STRING "GNU nano 2.2.6"
| #define PACKAGE_BUGREPORT "nano-devel@gnu.org"
| #define PACKAGE_URL "http://www.gnu.org/software/nano/"
| #define PACKAGE "nano"
| #define VERSION "2.2.6"
| #define STDC_HEADERS 1
| #define HAVE_SYS_TYPES_H 1
| #define HAVE_SYS_STAT_H 1
| #define HAVE_STDLIB_H 1
| #define HAVE_STRING_H 1
| #define HAVE_MEMORY_H 1
| #define HAVE_STRINGS_H 1
| #define HAVE_INTTYPES_H 1
| #define HAVE_STDINT_H 1
| #define HAVE_UNISTD_H 1
| /* end confdefs.h.  */
| #include <stdio.h>
| #ifdef HAVE_SYS_TYPES_H
| # include <sys/types.h>
| #endif
| #ifdef HAVE_SYS_STAT_H
| # include <sys/stat.h>
| #endif
| #ifdef STDC_HEADERS
| # include <stdlib.h>
| # include <stddef.h>
| #else
| # ifdef HAVE_STDLIB_H
| #  include <stdlib.h>
| # endif
| #endif
| #ifdef HAVE_STRING_H
| # if !defined STDC_HEADERS && defined HAVE_MEMORY_H
| #  include <memory.h>
| # endif
| # include <string.h>
| #endif
| #ifdef HAVE_STRINGS_H
| # include <strings.h>
| #endif
| #ifdef HAVE_INTTYPES_H
| # include <inttypes.h>
| #endif
| #ifdef HAVE_STDINT_H
| # include <stdint.h>
| #endif
| #ifdef HAVE_UNISTD_H
| # include <unistd.h>
| #endif
| #include <minix/config.h>
configure:4211: result: no
configure:4211: checking minix/config.h presence
configure:4211: gcc -E  conftest.c
conftest.c:21:26: fatal error: minix/config.h: No such file or directory
compilation terminated.
configure:4211: $? = 1
configure: failed program was:
| /* confdefs.h */
| #define PACKAGE_NAME "GNU nano"
| #define PACKAGE_TARNAME "nano"
| #define PACKAGE_VERSION "2.2.6"
| #define PACKAGE_STRING "GNU nano 2.2.6"
| #define PACKAGE_BUGREPORT "nano-devel@gnu.org"
| #define PACKAGE_URL "http://www.gnu.org/software/nano/"
| #define PACKAGE "nano"
| #define VERSION "2.2.6"
| #define STDC_HEADERS 1
| #define HAVE_SYS_TYPES_H 1
| #define HAVE_SYS_STAT_H 1
| #define HAVE_STDLIB_H 1
| #define HAVE_STRING_H 1
| #define HAVE_MEMORY_H 1
| #define HAVE_STRINGS_H 1
| #define HAVE_INTTYPES_H 1
| #define HAVE_STDINT_H 1
| #define HAVE_UNISTD_H 1
| /* end confdefs.h.  */
| #include <minix/config.h>
configure:4211: result: no
configure:4211: checking for minix/config.h
configure:4211: result: no
configure:4232: checking whether it is safe to define __EXTENSIONS__
configure:4250: gcc -c -g -O2  conftest.c >&5
configure:4250: $? = 0
configure:4257: result: yes
configure:4320: checking for gcc
configure:4347: result: gcc
configure:4576: checking for C compiler version
configure:4585: gcc --version >&5
gcc (Debian 4.6.3-14+rpi1) 4.6.3
Copyright (C) 2011 Free Software Foundation, Inc.
This is free software; see the source for copying conditions.  There is NO
warranty; not even for MERCHANTABILITY or FITNESS FOR A PARTICULAR PURPOSE.

configure:4596: $? = 0
configure:4585: gcc -v >&5
Using built-in specs.
COLLECT_GCC=gcc
COLLECT_LTO_WRAPPER=/usr/lib/gcc/arm-linux-gnueabihf/4.6/lto-wrapper
Target: arm-linux-gnueabihf
Configured with: ../src/configure -v --with-pkgversion='Debian 4.6.3-14+rpi1' --with-bugurl=file:///usr/share/doc/gcc-4.6/README.Bugs --enable-languages=c,c++,fortran,objc,obj-c++ --prefix=/usr --program-suffix=-4.6 --enable-shared --enable-linker-build-id --with-system-zlib --libexecdir=/usr/lib --without-included-gettext --enable-threads=posix --with-gxx-include-dir=/usr/include/c++/4.6 --libdir=/usr/lib --enable-nls --with-sysroot=/ --enable-clocale=gnu --enable-libstdcxx-debug --enable-libstdcxx-time=yes --enable-gnu-unique-object --enable-plugin --enable-objc-gc --disable-sjlj-exceptions --with-arch=armv6 --with-fpu=vfp --with-float=hard --enable-checking=release --build=arm-linux-gnueabihf --host=arm-linux-gnueabihf --target=arm-linux-gnueabihf
Thread model: posix
gcc version 4.6.3 (Debian 4.6.3-14+rpi1) 
configure:4596: $? = 0
configure:4585: gcc -V >&5
gcc: error: unrecognized option '-V'
gcc: fatal error: no input files
compilation terminated.
configure:4596: $? = 4
configure:4585: gcc -qversion >&5
gcc: error: unrecognized option '-qversion'
gcc: fatal error: no input files
compilation terminated.
configure:4596: $? = 4
configure:4600: checking whether we are using the GNU C compiler
configure:4628: result: yes
configure:4637: checking whether gcc accepts -g
configure:4698: result: yes
configure:4715: checking for gcc option to accept ISO C89
configure:4792: result: none needed
configure:4814: checking dependency style of gcc
configure:4924: result: gcc3
configure:4939: checking whether ln -s works
configure:4943: result: yes
configure:4951: checking for strerror in -lcposix
configure:4976: gcc -o conftest -g -O2   conftest.c -lcposix   >&5
/usr/bin/ld: cannot find -lcposix
collect2: ld returned 1 exit status
configure:4976: $? = 1
configure: failed program was:
| /* confdefs.h */
| #define PACKAGE_NAME "GNU nano"
| #define PACKAGE_TARNAME "nano"
| #define PACKAGE_VERSION "2.2.6"
| #define PACKAGE_STRING "GNU nano 2.2.6"
| #define PACKAGE_BUGREPORT "nano-devel@gnu.org"
| #define PACKAGE_URL "http://www.gnu.org/software/nano/"
| #define PACKAGE "nano"
| #define VERSION "2.2.6"
| #define STDC_HEADERS 1
| #define HAVE_SYS_TYPES_H 1
| #define HAVE_SYS_STAT_H 1
| #define HAVE_STDLIB_H 1
| #define HAVE_STRING_H 1
| #define HAVE_MEMORY_H 1
| #define HAVE_STRINGS_H 1
| #define HAVE_INTTYPES_H 1
| #define HAVE_STDINT_H 1
| #define HAVE_UNISTD_H 1
| #define __EXTENSIONS__ 1
| #define _ALL_SOURCE 1
| #define _GNU_SOURCE 1
| #define _POSIX_PTHREAD_SEMANTICS 1
| #define _TANDEM_SOURCE 1
| /* end confdefs.h.  */
| 
| /* Override any GCC internal prototype to avoid an error.
|    Use char because int might match the return type of a GCC
|    builtin and then its argument prototype would still apply.  */
| #ifdef __cplusplus
| extern "C"
| #endif
| char strerror ();
| int
| main ()
| {
| return strerror ();
|   ;
|   return 0;
| }
configure:4985: result: no
configure:5000: checking for special C compiler options needed for large files
configure:5045: result: no
configure:5051: checking for _FILE_OFFSET_BITS value needed for large files
configure:5076: gcc -c -g -O2  conftest.c >&5
conftest.c:32:3: warning: left shift count >= width of type [enabled by default]
conftest.c:32:3: warning: left shift count >= width of type [enabled by default]
conftest.c:33:10: warning: left shift count >= width of type [enabled by default]
conftest.c:33:10: warning: left shift count >= width of type [enabled by default]
conftest.c:32:7: error: variably modified 'off_t_is_large' at file scope
configure:5076: $? = 1
configure: failed program was:
| /* confdefs.h */
| #define PACKAGE_NAME "GNU nano"
| #define PACKAGE_TARNAME "nano"
| #define PACKAGE_VERSION "2.2.6"
| #define PACKAGE_STRING "GNU nano 2.2.6"
| #define PACKAGE_BUGREPORT "nano-devel@gnu.org"
| #define PACKAGE_URL "http://www.gnu.org/software/nano/"
| #define PACKAGE "nano"
| #define VERSION "2.2.6"
| #define STDC_HEADERS 1
| #define HAVE_SYS_TYPES_H 1
| #define HAVE_SYS_STAT_H 1
| #define HAVE_STDLIB_H 1
| #define HAVE_STRING_H 1
| #define HAVE_MEMORY_H 1
| #define HAVE_STRINGS_H 1
| #define HAVE_INTTYPES_H 1
| #define HAVE_STDINT_H 1
| #define HAVE_UNISTD_H 1
| #define __EXTENSIONS__ 1
| #define _ALL_SOURCE 1
| #define _GNU_SOURCE 1
| #define _POSIX_PTHREAD_SEMANTICS 1
| #define _TANDEM_SOURCE 1
| /* end confdefs.h.  */
| #include <sys/types.h>
|  /* Check that off_t can represent 2**63 - 1 correctly.
|     We can't simply define LARGE_OFF_T to be 9223372036854775807,
|     since some C++ compilers masquerading as C compilers
|     incorrectly reject 9223372036854775807.  */
| #define LARGE_OFF_T (((off_t) 1 << 62) - 1 + ((off_t) 1 << 62))
|   int off_t_is_large[(LARGE_OFF_T % 2147483629 == 721
| 		       && LARGE_OFF_T % 2147483647 == 1)
| 		      ? 1 : -1];
| int
| main ()
| {
| 
|   ;
|   return 0;
| }
configure:5100: gcc -c -g -O2  conftest.c >&5
configure:5100: $? = 0
configure:5108: result: 64
configure:5209: checking for msgfmt
configure:5237: result: /usr/bin/msgfmt
configure:5246: checking for gmsgfmt
configure:5277: result: /usr/bin/msgfmt
configure:5288: checking for xgettext
configure:5316: result: /usr/bin/xgettext
configure:5327: checking for msgmerge
configure:5354: result: /usr/bin/msgmerge
configure:5416: checking for ld used by GCC
configure:5479: result: /usr/bin/ld
configure:5486: checking if the linker (/usr/bin/ld) is GNU ld
GNU ld (GNU Binutils for Debian) 2.24.51.20140425
configure:5498: result: yes
configure:5504: checking for shared library run path origin
configure:5517: result: done
configure:5934: checking whether NLS is requested
configure:5943: result: yes
configure:5960: checking for GNU gettext in libc
configure:5979: gcc -o conftest -g -O2   conftest.c  >&5
configure:5979: $? = 0
configure:5987: result: yes
configure:6649: checking for ANSI C header files
configure:6753: result: yes
configure:6764: checking getopt.h usability
configure:6764: gcc -c -g -O2  conftest.c >&5
configure:6764: $? = 0
configure:6764: result: yes
configure:6764: checking getopt.h presence
configure:6764: gcc -E  conftest.c
configure:6764: $? = 0
configure:6764: result: yes
configure:6764: checking for getopt.h
configure:6764: result: yes
configure:6764: checking libintl.h usability
configure:6764: gcc -c -g -O2  conftest.c >&5
configure:6764: $? = 0
configure:6764: result: yes
configure:6764: checking libintl.h presence
configure:6764: gcc -E  conftest.c
configure:6764: $? = 0
configure:6764: result: yes
configure:6764: checking for libintl.h
configure:6764: result: yes
configure:6764: checking limits.h usability
configure:6764: gcc -c -g -O2  conftest.c >&5
configure:6764: $? = 0
configure:6764: result: yes
configure:6764: checking limits.h presence
configure:6764: gcc -E  conftest.c
configure:6764: $? = 0
configure:6764: result: yes
configure:6764: checking for limits.h
configure:6764: result: yes
configure:6764: checking regex.h usability
configure:6764: gcc -c -g -O2  conftest.c >&5
configure:6764: $? = 0
configure:6764: result: yes
configure:6764: checking regex.h presence
configure:6764: gcc -E  conftest.c
configure:6764: $? = 0
configure:6764: result: yes
configure:6764: checking for regex.h
configure:6764: result: yes
configure:6764: checking sys/param.h usability
configure:6764: gcc -c -g -O2  conftest.c >&5
configure:6764: $? = 0
configure:6764: result: yes
configure:6764: checking sys/param.h presence
configure:6764: gcc -E  conftest.c
configure:6764: $? = 0
configure:6764: result: yes
configure:6764: checking for sys/param.h
configure:6764: result: yes
configure:6764: checking wchar.h usability
configure:6764: gcc -c -g -O2  conftest.c >&5
configure:6764: $? = 0
configure:6764: result: yes
configure:6764: checking wchar.h presence
configure:6764: gcc -E  conftest.c
configure:6764: $? = 0
configure:6764: result: yes
configure:6764: checking for wchar.h
configure:6764: result: yes
configure:6764: checking wctype.h usability
configure:6764: gcc -c -g -O2  conftest.c >&5
configure:6764: $? = 0
configure:6764: result: yes
configure:6764: checking wctype.h presence
configure:6764: gcc -E  conftest.c
configure:6764: $? = 0
configure:6764: result: yes
configure:6764: checking for wctype.h
configure:6764: result: yes
configure:6764: checking stdarg.h usability
configure:6764: gcc -c -g -O2  conftest.c >&5
configure:6764: $? = 0
configure:6764: result: yes
configure:6764: checking stdarg.h presence
configure:6764: gcc -E  conftest.c
configure:6764: $? = 0
configure:6764: result: yes
configure:6764: checking for stdarg.h
configure:6764: result: yes
configure:7013: checking whether to enable UTF-8 support
configure:7026: result: auto
configure:7029: checking whether to use slang
configure:7422: result: no
configure:7490: checking for getdelim
configure:7490: gcc -o conftest -g -O2   conftest.c  >&5
configure:7490: $? = 0
configure:7490: result: yes
configure:7490: checking for getline
configure:7490: gcc -o conftest -g -O2   conftest.c  >&5
configure:7490: $? = 0
configure:7490: result: yes
configure:7490: checking for isblank
configure:7490: gcc -o conftest -g -O2   conftest.c  >&5
conftest.c:71:6: warning: conflicting types for built-in function 'isblank' [enabled by default]
configure:7490: $? = 0
configure:7490: result: yes
configure:7490: checking for strcasecmp
configure:7490: gcc -o conftest -g -O2   conftest.c  >&5
conftest.c:72:6: warning: conflicting types for built-in function 'strcasecmp' [enabled by default]
configure:7490: $? = 0
configure:7490: result: yes
configure:7490: checking for strcasestr
configure:7490: gcc -o conftest -g -O2   conftest.c  >&5
configure:7490: $? = 0
configure:7490: result: yes
configure:7490: checking for strncasecmp
configure:7490: gcc -o conftest -g -O2   conftest.c  >&5
conftest.c:74:6: warning: conflicting types for built-in function 'strncasecmp' [enabled by default]
configure:7490: $? = 0
configure:7490: result: yes
configure:7490: checking for strnlen
configure:7490: gcc -o conftest -g -O2   conftest.c  >&5
configure:7490: $? = 0
configure:7490: result: yes
configure:7490: checking for vsnprintf
configure:7490: gcc -o conftest -g -O2   conftest.c  >&5
conftest.c:76:6: warning: conflicting types for built-in function 'vsnprintf' [enabled by default]
configure:7490: $? = 0
configure:7490: result: yes
configure:7505: checking for iswalnum
configure:7505: gcc -o conftest -g -O2   conftest.c  >&5
conftest.c:77:6: warning: conflicting types for built-in function 'iswalnum' [enabled by default]
configure:7505: $? = 0
configure:7505: result: yes
configure:7505: checking for iswblank
configure:7505: gcc -o conftest -g -O2   conftest.c  >&5
conftest.c:78:6: warning: conflicting types for built-in function 'iswblank' [enabled by default]
configure:7505: $? = 0
configure:7505: result: yes
configure:7505: checking for iswpunct
configure:7505: gcc -o conftest -g -O2   conftest.c  >&5
conftest.c:79:6: warning: conflicting types for built-in function 'iswpunct' [enabled by default]
configure:7505: $? = 0
configure:7505: result: yes
configure:7505: checking for iswspace
configure:7505: gcc -o conftest -g -O2   conftest.c  >&5
conftest.c:80:6: warning: conflicting types for built-in function 'iswspace' [enabled by default]
configure:7505: $? = 0
configure:7505: result: yes
configure:7505: checking for nl_langinfo
configure:7505: gcc -o conftest -g -O2   conftest.c  >&5
configure:7505: $? = 0
configure:7505: result: yes
configure:7505: checking for mblen
configure:7505: gcc -o conftest -g -O2   conftest.c  >&5
configure:7505: $? = 0
configure:7505: result: yes
configure:7505: checking for mbstowcs
configure:7505: gcc -o conftest -g -O2   conftest.c  >&5
configure:7505: $? = 0
configure:7505: result: yes
configure:7505: checking for mbtowc
configure:7505: gcc -o conftest -g -O2   conftest.c  >&5
configure:7505: $? = 0
configure:7505: result: yes
configure:7505: checking for wctomb
configure:7505: gcc -o conftest -g -O2   conftest.c  >&5
configure:7505: $? = 0
configure:7505: result: yes
configure:7505: checking for wcwidth
configure:7505: gcc -o conftest -g -O2   conftest.c  >&5
configure:7505: $? = 0
configure:7505: result: yes
configure:7802: checking return type of signal handlers
configure:7820: gcc -c -g -O2  conftest.c >&5
conftest.c: In function 'main':
conftest.c:70:1: error: void value not ignored as it ought to be
configure:7820: $? = 1
configure: failed program was:
| /* confdefs.h */
| #define PACKAGE_NAME "GNU nano"
| #define PACKAGE_TARNAME "nano"
| #define PACKAGE_VERSION "2.2.6"
| #define PACKAGE_STRING "GNU nano 2.2.6"
| #define PACKAGE_BUGREPORT "nano-devel@gnu.org"
| #define PACKAGE_URL "http://www.gnu.org/software/nano/"
| #define PACKAGE "nano"
| #define VERSION "2.2.6"
| #define STDC_HEADERS 1
| #define HAVE_SYS_TYPES_H 1
| #define HAVE_SYS_STAT_H 1
| #define HAVE_STDLIB_H 1
| #define HAVE_STRING_H 1
| #define HAVE_MEMORY_H 1
| #define HAVE_STRINGS_H 1
| #define HAVE_INTTYPES_H 1
| #define HAVE_STDINT_H 1
| #define HAVE_UNISTD_H 1
| #define __EXTENSIONS__ 1
| #define _ALL_SOURCE 1
| #define _GNU_SOURCE 1
| #define _POSIX_PTHREAD_SEMANTICS 1
| #define _TANDEM_SOURCE 1
| #define _FILE_OFFSET_BITS 64
| #define ENABLE_NLS 1
| #define HAVE_GETTEXT 1
| #define HAVE_DCGETTEXT 1
| #define PKGDATADIR "/usr/local/share/nano"
| #define STDC_HEADERS 1
| #define HAVE_GETOPT_H 1
| #define HAVE_LIBINTL_H 1
| #define HAVE_LIMITS_H 1
| #define HAVE_REGEX_H 1
| #define HAVE_SYS_PARAM_H 1
| #define HAVE_WCHAR_H 1
| #define HAVE_WCTYPE_H 1
| #define HAVE_STDARG_H 1
| #define NDEBUG 1
| #define NANO_EXTRA 1
| #define ENABLE_NANORC 1
| #define ENABLE_COLOR 1
| #define ENABLE_MULTIBUFFER 1
| #define ENABLE_NANORC 1
| #define HAVE_GETDELIM 1
| #define HAVE_GETLINE 1
| #define HAVE_ISBLANK 1
| #define HAVE_STRCASECMP 1
| #define HAVE_STRCASESTR 1
| #define HAVE_STRNCASECMP 1
| #define HAVE_STRNLEN 1
| #define HAVE_VSNPRINTF 1
| #define HAVE_ISWALNUM 1
| #define HAVE_ISWBLANK 1
| #define HAVE_ISWPUNCT 1
| #define HAVE_ISWSPACE 1
| #define HAVE_NL_LANGINFO 1
| #define HAVE_MBLEN 1
| #define HAVE_MBSTOWCS 1
| #define HAVE_MBTOWC 1
| #define HAVE_WCTOMB 1
| #define HAVE_WCWIDTH 1
| /* end confdefs.h.  */
| #include <sys/types.h>
| #include <signal.h>
| 
| int
| main ()
| {
| return *(signal (0, 0)) (0) == 1;
|   ;
|   return 0;
| }
configure:7827: result: void
configure:7837: checking for vprintf
configure:7837: gcc -o conftest -g -O2   conftest.c  >&5
conftest.c:88:6: warning: conflicting types for built-in function 'vprintf' [enabled by default]
configure:7837: $? = 0
configure:7837: result: yes
configure:7843: checking for _doprnt
configure:7843: gcc -o conftest -g -O2   conftest.c  >&5
/tmp/ccgifsH2.o: In function `main':
/home/125/second-nano-2.2.6/conftest.c:100: undefined reference to `_doprnt'
collect2: ld returned 1 exit status
configure:7843: $? = 1
configure: failed program was:
| /* confdefs.h */
| #define PACKAGE_NAME "GNU nano"
| #define PACKAGE_TARNAME "nano"
| #define PACKAGE_VERSION "2.2.6"
| #define PACKAGE_STRING "GNU nano 2.2.6"
| #define PACKAGE_BUGREPORT "nano-devel@gnu.org"
| #define PACKAGE_URL "http://www.gnu.org/software/nano/"
| #define PACKAGE "nano"
| #define VERSION "2.2.6"
| #define STDC_HEADERS 1
| #define HAVE_SYS_TYPES_H 1
| #define HAVE_SYS_STAT_H 1
| #define HAVE_STDLIB_H 1
| #define HAVE_STRING_H 1
| #define HAVE_MEMORY_H 1
| #define HAVE_STRINGS_H 1
| #define HAVE_INTTYPES_H 1
| #define HAVE_STDINT_H 1
| #define HAVE_UNISTD_H 1
| #define __EXTENSIONS__ 1
| #define _ALL_SOURCE 1
| #define _GNU_SOURCE 1
| #define _POSIX_PTHREAD_SEMANTICS 1
| #define _TANDEM_SOURCE 1
| #define _FILE_OFFSET_BITS 64
| #define ENABLE_NLS 1
| #define HAVE_GETTEXT 1
| #define HAVE_DCGETTEXT 1
| #define PKGDATADIR "/usr/local/share/nano"
| #define STDC_HEADERS 1
| #define HAVE_GETOPT_H 1
| #define HAVE_LIBINTL_H 1
| #define HAVE_LIMITS_H 1
| #define HAVE_REGEX_H 1
| #define HAVE_SYS_PARAM_H 1
| #define HAVE_WCHAR_H 1
| #define HAVE_WCTYPE_H 1
| #define HAVE_STDARG_H 1
| #define NDEBUG 1
| #define NANO_EXTRA 1
| #define ENABLE_NANORC 1
| #define ENABLE_COLOR 1
| #define ENABLE_MULTIBUFFER 1
| #define ENABLE_NANORC 1
| #define HAVE_GETDELIM 1
| #define HAVE_GETLINE 1
| #define HAVE_ISBLANK 1
| #define HAVE_STRCASECMP 1
| #define HAVE_STRCASESTR 1
| #define HAVE_STRNCASECMP 1
| #define HAVE_STRNLEN 1
| #define HAVE_VSNPRINTF 1
| #define HAVE_ISWALNUM 1
| #define HAVE_ISWBLANK 1
| #define HAVE_ISWPUNCT 1
| #define HAVE_ISWSPACE 1
| #define HAVE_NL_LANGINFO 1
| #define HAVE_MBLEN 1
| #define HAVE_MBSTOWCS 1
| #define HAVE_MBTOWC 1
| #define HAVE_WCTOMB 1
| #define HAVE_WCWIDTH 1
| #define RETSIGTYPE void
| #define HAVE_VPRINTF 1
| /* end confdefs.h.  */
| /* Define _doprnt to an innocuous variant, in case <limits.h> declares _doprnt.
|    For example, HP-UX 11i <limits.h> declares gettimeofday.  */
| #define _doprnt innocuous__doprnt
| 
| /* System header to define __stub macros and hopefully few prototypes,
|     which can conflict with char _doprnt (); below.
|     Prefer <limits.h> to <assert.h> if __STDC__ is defined, since
|     <limits.h> exists even on freestanding compilers.  */
| 
| #ifdef __STDC__
| # include <limits.h>
| #else
| # include <assert.h>
| #endif
| 
| #undef _doprnt
| 
| /* Override any GCC internal prototype to avoid an error.
|    Use char because int might match the return type of a GCC
|    builtin and then its argument prototype would still apply.  */
| #ifdef __cplusplus
| extern "C"
| #endif
| char _doprnt ();
| /* The GNU C library defines this for functions which it implements
|     to always fail with ENOSYS.  Some functions are actually named
|     something starting with __ and the normal name is an alias.  */
| #if defined __stub__doprnt || defined __stub____doprnt
| choke me
| #endif
| 
| int
| main ()
| {
| return _doprnt ();
|   ;
|   return 0;
| }
configure:7843: result: no
configure:7856: checking for getopt_long
configure:7856: gcc -o conftest -g -O2   conftest.c  >&5
configure:7856: $? = 0
configure:7856: result: yes
configure:7869: checking ncurses.h usability
configure:7869: gcc -c -g -O2  conftest.c >&5
configure:7869: $? = 0
configure:7869: result: yes
configure:7869: checking ncurses.h presence
configure:7869: gcc -E  conftest.c
configure:7869: $? = 0
configure:7869: result: yes
configure:7869: checking for ncurses.h
configure:7869: result: yes
configure:7881: checking for get_wch in -lncursesw
configure:7906: gcc -o conftest -g -O2   conftest.c -lncursesw   >&5
/usr/bin/ld: cannot find -lncursesw
collect2: ld returned 1 exit status
configure:7906: $? = 1
configure: failed program was:
| /* confdefs.h */
| #define PACKAGE_NAME "GNU nano"
| #define PACKAGE_TARNAME "nano"
| #define PACKAGE_VERSION "2.2.6"
| #define PACKAGE_STRING "GNU nano 2.2.6"
| #define PACKAGE_BUGREPORT "nano-devel@gnu.org"
| #define PACKAGE_URL "http://www.gnu.org/software/nano/"
| #define PACKAGE "nano"
| #define VERSION "2.2.6"
| #define STDC_HEADERS 1
| #define HAVE_SYS_TYPES_H 1
| #define HAVE_SYS_STAT_H 1
| #define HAVE_STDLIB_H 1
| #define HAVE_STRING_H 1
| #define HAVE_MEMORY_H 1
| #define HAVE_STRINGS_H 1
| #define HAVE_INTTYPES_H 1
| #define HAVE_STDINT_H 1
| #define HAVE_UNISTD_H 1
| #define __EXTENSIONS__ 1
| #define _ALL_SOURCE 1
| #define _GNU_SOURCE 1
| #define _POSIX_PTHREAD_SEMANTICS 1
| #define _TANDEM_SOURCE 1
| #define _FILE_OFFSET_BITS 64
| #define ENABLE_NLS 1
| #define HAVE_GETTEXT 1
| #define HAVE_DCGETTEXT 1
| #define PKGDATADIR "/usr/local/share/nano"
| #define STDC_HEADERS 1
| #define HAVE_GETOPT_H 1
| #define HAVE_LIBINTL_H 1
| #define HAVE_LIMITS_H 1
| #define HAVE_REGEX_H 1
| #define HAVE_SYS_PARAM_H 1
| #define HAVE_WCHAR_H 1
| #define HAVE_WCTYPE_H 1
| #define HAVE_STDARG_H 1
| #define NDEBUG 1
| #define NANO_EXTRA 1
| #define ENABLE_NANORC 1
| #define ENABLE_COLOR 1
| #define ENABLE_MULTIBUFFER 1
| #define ENABLE_NANORC 1
| #define HAVE_GETDELIM 1
| #define HAVE_GETLINE 1
| #define HAVE_ISBLANK 1
| #define HAVE_STRCASECMP 1
| #define HAVE_STRCASESTR 1
| #define HAVE_STRNCASECMP 1
| #define HAVE_STRNLEN 1
| #define HAVE_VSNPRINTF 1
| #define HAVE_ISWALNUM 1
| #define HAVE_ISWBLANK 1
| #define HAVE_ISWPUNCT 1
| #define HAVE_ISWSPACE 1
| #define HAVE_NL_LANGINFO 1
| #define HAVE_MBLEN 1
| #define HAVE_MBSTOWCS 1
| #define HAVE_MBTOWC 1
| #define HAVE_WCTOMB 1
| #define HAVE_WCWIDTH 1
| #define RETSIGTYPE void
| #define HAVE_VPRINTF 1
| #define HAVE_GETOPT_LONG 1
| #define HAVE_NCURSES_H 1
| /* end confdefs.h.  */
| 
| /* Override any GCC internal prototype to avoid an error.
|    Use char because int might match the return type of a GCC
|    builtin and then its argument prototype would still apply.  */
| #ifdef __cplusplus
| extern "C"
| #endif
| char get_wch ();
| int
| main ()
| {
| return get_wch ();
|   ;
|   return 0;
| }
configure:7915: result: no
configure:7924: checking for initscr in -lncurses
configure:7949: gcc -o conftest -g -O2   conftest.c -lncurses   >&5
configure:7949: $? = 0
configure:7958: result: yes
configure:8078: result: Using ncurses as the curses library
configure:8083: checking for use_default_colors in -lncurses
configure:8108: gcc -o conftest -g -O2   conftest.c -lncurses   >&5
configure:8108: $? = 0
configure:8118: result: yes
configure:8168: WARNING:
*** Insufficient UTF-8 support was detected in your curses and/or C
*** libraries.  If you want UTF-8 support, please verify that your slang
*** was built with UTF-8 support or your curses was built with wide
*** character support, and that your C library was built with wide
*** character support.
configure:8180: checking for GNU-style word boundary regex support
configure:8207: gcc -o conftest -g -O2   conftest.c  -lncurses >&5
configure:8207: $? = 0
configure:8207: ./conftest
configure:8207: $? = 0
configure:8208: result: yes
configure:8222: checking whether _XOPEN_SOURCE_EXTENDED is needed
configure:8238: gcc -o conftest -g -O2   conftest.c  -lncurses >&5
configure:8238: $? = 0
configure:8238: ./conftest
configure:8238: $? = 0
configure:8239: result: no
configure:8287: checking whether LINES and COLS can be redefined
configure:8304: gcc -o conftest -g -O2   conftest.c  -lncurses >&5
configure:8304: $? = 0
configure:8304: ./conftest
configure:8304: $? = 0
configure:8308: result: yes
configure:8321: checking for HTML support in groff
configure:8484: creating ./config.status

## ---------------------- ##
## Running config.status. ##
## ---------------------- ##

This file was extended by GNU nano config.status 2.2.6, which was
generated by GNU Autoconf 2.65.  Invocation command line was

  CONFIG_FILES    = 
  CONFIG_HEADERS  = 
  CONFIG_LINKS    = 
  CONFIG_COMMANDS = 
  $ ./config.status 

on kano

config.status:961: creating Makefile
config.status:961: creating doc/Makefile
config.status:961: creating doc/nanorc.sample
config.status:961: creating doc/man/Makefile
config.status:961: creating doc/man/fr/Makefile
config.status:961: creating doc/syntax/Makefile
config.status:961: creating doc/texinfo/Makefile
config.status:961: creating m4/Makefile
config.status:961: creating po/Makefile.in
config.status:1069: WARNING:  'po/Makefile.in.in' seems to ignore the --datarootdir setting
config.status:961: creating src/Makefile
config.status:961: creating nano.spec
config.status:961: creating config.h
config.status:1181: executing depfiles commands
config.status:1181: executing default-1 commands

## ---------------- ##
## Cache variables. ##
## ---------------- ##

ac_cv_build=armv7l-unknown-linux-gnueabi
ac_cv_c_compiler_gnu=yes
ac_cv_env_CC_set=
ac_cv_env_CC_value=
ac_cv_env_CFLAGS_set=
ac_cv_env_CFLAGS_value=
ac_cv_env_CPPFLAGS_set=
ac_cv_env_CPPFLAGS_value=
ac_cv_env_CPP_set=
ac_cv_env_CPP_value=
ac_cv_env_LDFLAGS_set=
ac_cv_env_LDFLAGS_value=
ac_cv_env_LIBS_set=
ac_cv_env_LIBS_value=
ac_cv_env_build_alias_set=
ac_cv_env_build_alias_value=
ac_cv_env_host_alias_set=
ac_cv_env_host_alias_value=
ac_cv_env_target_alias_set=
ac_cv_env_target_alias_value=
ac_cv_func__doprnt=no
ac_cv_func_getdelim=yes
ac_cv_func_getline=yes
ac_cv_func_getopt_long=yes
ac_cv_func_isblank=yes
ac_cv_func_iswalnum=yes
ac_cv_func_iswblank=yes
ac_cv_func_iswpunct=yes
ac_cv_func_iswspace=yes
ac_cv_func_mblen=yes
ac_cv_func_mbstowcs=yes
ac_cv_func_mbtowc=yes
ac_cv_func_nl_langinfo=yes
ac_cv_func_strcasecmp=yes
ac_cv_func_strcasestr=yes
ac_cv_func_strncasecmp=yes
ac_cv_func_strnlen=yes
ac_cv_func_vprintf=yes
ac_cv_func_vsnprintf=yes
ac_cv_func_wctomb=yes
ac_cv_func_wcwidth=yes
ac_cv_header_getopt_h=yes
ac_cv_header_inttypes_h=yes
ac_cv_header_libintl_h=yes
ac_cv_header_limits_h=yes
ac_cv_header_memory_h=yes
ac_cv_header_minix_config_h=no
ac_cv_header_ncurses_h=yes
ac_cv_header_regex_h=yes
ac_cv_header_stdarg_h=yes
ac_cv_header_stdc=yes
ac_cv_header_stdint_h=yes
ac_cv_header_stdlib_h=yes
ac_cv_header_string_h=yes
ac_cv_header_strings_h=yes
ac_cv_header_sys_param_h=yes
ac_cv_header_sys_stat_h=yes
ac_cv_header_sys_types_h=yes
ac_cv_header_unistd_h=yes
ac_cv_header_wchar_h=yes
ac_cv_header_wctype_h=yes
ac_cv_host=armv7l-unknown-linux-gnueabi
ac_cv_lib_cposix_strerror=no
ac_cv_lib_ncurses___use_default_colors=yes
ac_cv_lib_ncurses_initscr=yes
ac_cv_lib_ncursesw_get_wch=no
ac_cv_objext=o
ac_cv_path_EGREP='/bin/grep -E'
ac_cv_path_GMSGFMT=/usr/bin/msgfmt
ac_cv_path_GREP=/bin/grep
ac_cv_path_MSGFMT=/usr/bin/msgfmt
ac_cv_path_MSGMERGE=/usr/bin/msgmerge
ac_cv_path_XGETTEXT=/usr/bin/xgettext
ac_cv_path_install='/usr/bin/install -c'
ac_cv_path_mkdir=/bin/mkdir
ac_cv_prog_AWK=mawk
ac_cv_prog_CPP='gcc -E'
ac_cv_prog_ac_ct_CC=gcc
ac_cv_prog_cc_c89=
ac_cv_prog_cc_g=yes
ac_cv_prog_make_make_set=yes
ac_cv_safe_to_define___extensions__=yes
ac_cv_sys_file_offset_bits=64
ac_cv_sys_largefile_CC=no
ac_cv_target=armv7l-unknown-linux-gnueabi
ac_cv_type_signal=void
acl_cv_hardcode_direct=no
acl_cv_hardcode_libdir_flag_spec='${wl}-rpath ${wl}$libdir'
acl_cv_hardcode_libdir_separator=
acl_cv_hardcode_minus_L=no
acl_cv_libext=a
acl_cv_path_LD=/usr/bin/ld
acl_cv_prog_gnu_ld=yes
acl_cv_rpath=done
acl_cv_shlibext=so
acl_cv_sys_lib_dlsearch_path_spec='/lib /usr/lib'
acl_cv_sys_lib_search_path_spec='/lib /usr/lib /usr/local/lib'
acl_cv_wl=-Wl,
am_cv_CC_dependencies_compiler_type=gcc3
gt_cv_func_gnugettext2_libc=yes

## ----------------- ##
## Output variables. ##
## ----------------- ##

ACLOCAL='${SHELL} /home/125/second-nano-2.2.6/missing --run aclocal-1.11'
AMDEPBACKSLASH='\'
AMDEP_FALSE='#'
AMDEP_TRUE=''
AMTAR='${SHELL} /home/125/second-nano-2.2.6/missing --run tar'
AUTOCONF='${SHELL} /home/125/second-nano-2.2.6/missing --run autoconf'
AUTOHEADER='${SHELL} /home/125/second-nano-2.2.6/missing --run autoheader'
AUTOMAKE='${SHELL} /home/125/second-nano-2.2.6/missing --run automake-1.11'
AWK='mawk'
CC='gcc'
CCDEPMODE='depmode=gcc3'
CFLAGS='-g -O2'
CPP='gcc -E'
CPPFLAGS=''
CURSES_LIB='-lncurses'
CYGPATH_W='echo'
DEFS='-DHAVE_CONFIG_H'
DEPDIR='.deps'
ECHO_C=''
ECHO_N='-n'
ECHO_T=''
EGREP='/bin/grep -E'
EXEEXT=''
GLIB_CFLAGS=''
GLIB_GENMARSHAL=''
GLIB_LIBS=''
GLIB_MKENUMS=''
GMSGFMT='/usr/bin/msgfmt'
GOBJECT_QUERY=''
GREP='/bin/grep'
GROFF_HTML_FALSE='#'
GROFF_HTML_TRUE=''
INSTALL_DATA='${INSTALL} -m 644'
INSTALL_PROGRAM='${INSTALL}'
INSTALL_SCRIPT='${INSTALL}'
INSTALL_STRIP_PROGRAM='$(install_sh) -c -s'
INTLLIBS=''
LDFLAGS=''
LIBICONV='-liconv'
LIBINTL=''
LIBOBJS=''
LIBS=' -lncurses'
LN_S='ln -s'
LTLIBICONV='-liconv'
LTLIBINTL=''
LTLIBOBJS=''
MAKEINFO='${SHELL} /home/125/second-nano-2.2.6/missing --run makeinfo'
MKDIR_P='/bin/mkdir -p'
MKINSTALLDIRS='./mkinstalldirs'
MSGFMT='/usr/bin/msgfmt'
MSGMERGE='/usr/bin/msgmerge'
OBJEXT='o'
PACKAGE='nano'
PACKAGE_BUGREPORT='nano-devel@gnu.org'
PACKAGE_NAME='GNU nano'
PACKAGE_STRING='GNU nano 2.2.6'
PACKAGE_TARNAME='nano'
PACKAGE_URL='http://www.gnu.org/software/nano/'
PACKAGE_VERSION='2.2.6'
PATH_SEPARATOR=':'
PKGDATADIR='/usr/local/share/nano'
PKG_CONFIG=''
POSUB='po'
SET_MAKE=''
SHELL='/bin/bash'
STRIP=''
USE_COLOR_FALSE='#'
USE_COLOR_TRUE=''
USE_NANORC_FALSE='#'
USE_NANORC_TRUE=''
USE_NLS='yes'
USE_NLS_FALSE='#'
USE_NLS_TRUE=''
VERSION='2.2.6'
XGETTEXT='/usr/bin/xgettext'
ac_ct_CC='gcc'
am__EXEEXT_FALSE=''
am__EXEEXT_TRUE='#'
am__fastdepCC_FALSE='#'
am__fastdepCC_TRUE=''
am__include='include'
am__isrc=''
am__leading_dot='.'
am__quote=''
am__tar='${AMTAR} chof - "$$tardir"'
am__untar='${AMTAR} xf -'
bindir='${exec_prefix}/bin'
build='armv7l-unknown-linux-gnueabi'
build_alias=''
build_cpu='armv7l'
build_os='linux-gnueabi'
build_vendor='unknown'
datadir='${datarootdir}'
datarootdir='${prefix}/share'
docdir='${datarootdir}/doc/${PACKAGE_TARNAME}'
dvidir='${docdir}'
exec_prefix='${prefix}'
host='armv7l-unknown-linux-gnueabi'
host_alias=''
host_cpu='armv7l'
host_os='linux-gnueabi'
host_vendor='unknown'
htmldir='${docdir}'
includedir='${prefix}/include'
infodir='${datarootdir}/info'
install_sh='${SHELL} /home/125/second-nano-2.2.6/install-sh'
libdir='${exec_prefix}/lib'
libexecdir='${exec_prefix}/libexec'
localedir='${datarootdir}/locale'
localstatedir='${prefix}/var'
mandir='${datarootdir}/man'
mkdir_p='/bin/mkdir -p'
oldincludedir='/usr/include'
pdfdir='${docdir}'
prefix='/usr/local'
program_transform_name='s,x,x,'
psdir='${docdir}'
sbindir='${exec_prefix}/sbin'
sharedstatedir='${prefix}/com'
sysconfdir='${prefix}/etc'
target='armv7l-unknown-linux-gnueabi'
target_alias=''
target_cpu='armv7l'
target_os='linux-gnueabi'
target_vendor='unknown'

## ----------- ##
## confdefs.h. ##
## ----------- ##

/* confdefs.h */
#define PACKAGE_NAME "GNU nano"
#define PACKAGE_TARNAME "nano"
#define PACKAGE_VERSION "2.2.6"
#define PACKAGE_STRING "GNU nano 2.2.6"
#define PACKAGE_BUGREPORT "nano-devel@gnu.org"
#define PACKAGE_URL "http://www.gnu.org/software/nano/"
#define PACKAGE "nano"
#define VERSION "2.2.6"
#define STDC_HEADERS 1
#define HAVE_SYS_TYPES_H 1
#define HAVE_SYS_STAT_H 1
#define HAVE_STDLIB_H 1
#define HAVE_STRING_H 1
#define HAVE_MEMORY_H 1
#define HAVE_STRINGS_H 1
#define HAVE_INTTYPES_H 1
#define HAVE_STDINT_H 1
#define HAVE_UNISTD_H 1
#define __EXTENSIONS__ 1
#define _ALL_SOURCE 1
#define _GNU_SOURCE 1
#define _POSIX_PTHREAD_SEMANTICS 1
#define _TANDEM_SOURCE 1
#define _FILE_OFFSET_BITS 64
#define ENABLE_NLS 1
#define HAVE_GETTEXT 1
#define HAVE_DCGETTEXT 1
#define PKGDATADIR "/usr/local/share/nano"
#define STDC_HEADERS 1
#define HAVE_GETOPT_H 1
#define HAVE_LIBINTL_H 1
#define HAVE_LIMITS_H 1
#define HAVE_REGEX_H 1
#define HAVE_SYS_PARAM_H 1
#define HAVE_WCHAR_H 1
#define HAVE_WCTYPE_H 1
#define HAVE_STDARG_H 1
#define NDEBUG 1
#define NANO_EXTRA 1
#define ENABLE_NANORC 1
#define ENABLE_COLOR 1
#define ENABLE_MULTIBUFFER 1
#define ENABLE_NANORC 1
#define HAVE_GETDELIM 1
#define HAVE_GETLINE 1
#define HAVE_ISBLANK 1
#define HAVE_STRCASECMP 1
#define HAVE_STRCASESTR 1
#define HAVE_STRNCASECMP 1
#define HAVE_STRNLEN 1
#define HAVE_VSNPRINTF 1
#define HAVE_ISWALNUM 1
#define HAVE_ISWBLANK 1
#define HAVE_ISWPUNCT 1
#define HAVE_ISWSPACE 1
#define HAVE_NL_LANGINFO 1
#define HAVE_MBLEN 1
#define HAVE_MBSTOWCS 1
#define HAVE_MBTOWC 1
#define HAVE_WCTOMB 1
#define HAVE_WCWIDTH 1
#define RETSIGTYPE void
#define HAVE_VPRINTF 1
#define HAVE_GETOPT_LONG 1
#define HAVE_NCURSES_H 1
#define HAVE_USE_DEFAULT_COLORS 1
#define GNU_WORDBOUNDS 1
#define REDEFINIG_MACROS_OK 1

configure: exit 0
